
  You can now view your Streamlit app in your browser.

  URL: http://0.0.0.0:8501

2025-08-20 03:05:45.217 WARNING streamlit.runtime.scriptrunner_utils.script_run_context: Thread 'MainThread': missing ScriptRunContext! This warning can be ignored when running in bare mode.
2025-08-20 03:05:45.232 
  [33m[1mWarning:[0m to view this Streamlit app on a browser, run it with the following
  command:

    streamlit run scripts/launch.py [ARGUMENTS]
2025-08-20 03:05:45.232 Thread 'MainThread': missing ScriptRunContext! This warning can be ignored when running in bare mode.
2025-08-20 03:05:45.232 Thread 'MainThread': missing ScriptRunContext! This warning can be ignored when running in bare mode.
2025-08-20 03:05:45,232 | INFO | Detected platform: runpod (via path: /workspace)
2025-08-20 03:05:45.235 Thread 'MainThread': missing ScriptRunContext! This warning can be ignored when running in bare mode.
2025-08-20 03:05:45.235 Thread 'MainThread': missing ScriptRunContext! This warning can be ignored when running in bare mode.
2025-08-20 03:05:45.235 Thread 'MainThread': missing ScriptRunContext! This warning can be ignored when running in bare mode.
2025-08-20 03:05:45.235 Thread 'MainThread': missing ScriptRunContext! This warning can be ignored when running in bare mode.
2025-08-20 03:05:45.235 Thread 'MainThread': missing ScriptRunContext! This warning can be ignored when running in bare mode.
2025-08-20 03:05:45.235 Thread 'MainThread': missing ScriptRunContext! This warning can be ignored when running in bare mode.
2025-08-20 03:05:45.235 Thread 'MainThread': missing ScriptRunContext! This warning can be ignored when running in bare mode.
2025-08-20 03:05:45.235 Session state does not function when running a script without `streamlit run`
2025-08-20 03:05:45.235 Thread 'MainThread': missing ScriptRunContext! This warning can be ignored when running in bare mode.
2025-08-20 03:05:45.235 Thread 'MainThread': missing ScriptRunContext! This warning can be ignored when running in bare mode.
2025-08-20 03:05:45.235 Thread 'MainThread': missing ScriptRunContext! This warning can be ignored when running in bare mode.
2025-08-20 03:05:45.235 Thread 'MainThread': missing ScriptRunContext! This warning can be ignored when running in bare mode.
2025-08-20 03:05:45.235 Thread 'MainThread': missing ScriptRunContext! This warning can be ignored when running in bare mode.
2025-08-20 03:05:45.235 Thread 'MainThread': missing ScriptRunContext! This warning can be ignored when running in bare mode.
2025-08-20 03:05:45.235 Thread 'MainThread': missing ScriptRunContext! This warning can be ignored when running in bare mode.
2025-08-20 03:05:45.235 Thread 'MainThread': missing ScriptRunContext! This warning can be ignored when running in bare mode.
2025-08-20 03:05:45.235 Thread 'MainThread': missing ScriptRunContext! This warning can be ignored when running in bare mode.
2025-08-20 03:05:45.235 Thread 'MainThread': missing ScriptRunContext! This warning can be ignored when running in bare mode.
2025-08-20 03:05:45.235 Thread 'MainThread': missing ScriptRunContext! This warning can be ignored when running in bare mode.
2025-08-20 03:05:45.235 Thread 'MainThread': missing ScriptRunContext! This warning can be ignored when running in bare mode.
2025-08-20 03:05:45.235 Thread 'MainThread': missing ScriptRunContext! This warning can be ignored when running in bare mode.
2025-08-20 03:05:45.235 Thread 'MainThread': missing ScriptRunContext! This warning can be ignored when running in bare mode.
2025-08-20 03:05:45.235 Thread 'MainThread': missing ScriptRunContext! This warning can be ignored when running in bare mode.
2025-08-20 03:05:45.235 Thread 'MainThread': missing ScriptRunContext! This warning can be ignored when running in bare mode.
2025-08-20 03:05:45.235 Thread 'MainThread': missing ScriptRunContext! This warning can be ignored when running in bare mode.
2025-08-20 03:05:45.235 Thread 'MainThread': missing ScriptRunContext! This warning can be ignored when running in bare mode.
2025-08-20 03:05:45.235 Thread 'MainThread': missing ScriptRunContext! This warning can be ignored when running in bare mode.
2025-08-20 03:05:45.236 Thread 'MainThread': missing ScriptRunContext! This warning can be ignored when running in bare mode.
2025-08-20 03:05:45.236 Thread 'MainThread': missing ScriptRunContext! This warning can be ignored when running in bare mode.
2025-08-20 03:05:45.236 Thread 'MainThread': missing ScriptRunContext! This warning can be ignored when running in bare mode.
2025-08-20 03:05:45.236 Thread 'MainThread': missing ScriptRunContext! This warning can be ignored when running in bare mode.
2025-08-20 03:05:45.236 Thread 'MainThread': missing ScriptRunContext! This warning can be ignored when running in bare mode.
2025-08-20 03:05:45.236 Thread 'MainThread': missing ScriptRunContext! This warning can be ignored when running in bare mode.
2025-08-20 03:05:45.236 Thread 'MainThread': missing ScriptRunContext! This warning can be ignored when running in bare mode.
2025-08-20 03:05:45.236 Thread 'MainThread': missing ScriptRunContext! This warning can be ignored when running in bare mode.
2025-08-20 03:05:45.236 Thread 'MainThread': missing ScriptRunContext! This warning can be ignored when running in bare mode.
2025-08-20 03:05:45.236 Thread 'MainThread': missing ScriptRunContext! This warning can be ignored when running in bare mode.
2025-08-20 03:05:45.236 Thread 'MainThread': missing ScriptRunContext! This warning can be ignored when running in bare mode.
2025-08-20 03:05:45.236 Thread 'MainThread': missing ScriptRunContext! This warning can be ignored when running in bare mode.
2025-08-20 03:05:45.236 Thread 'MainThread': missing ScriptRunContext! This warning can be ignored when running in bare mode.
2025-08-20 03:05:45.236 Thread 'MainThread': missing ScriptRunContext! This warning can be ignored when running in bare mode.
2025-08-20 03:05:45.236 Thread 'MainThread': missing ScriptRunContext! This warning can be ignored when running in bare mode.
2025-08-20 03:05:45.236 Thread 'MainThread': missing ScriptRunContext! This warning can be ignored when running in bare mode.
2025-08-20 03:05:45.236 Thread 'MainThread': missing ScriptRunContext! This warning can be ignored when running in bare mode.
2025-08-20 03:05:45.236 Thread 'MainThread': missing ScriptRunContext! This warning can be ignored when running in bare mode.
2025-08-20 03:05:45.236 Thread 'MainThread': missing ScriptRunContext! This warning can be ignored when running in bare mode.
2025-08-20 03:05:46,426 | INFO | Detected platform: runpod (via path: /workspace)

============================================================
ðŸš€ SD-DarkMaster-Pro WebUI Launcher
ðŸŽ¨ Multi-Platform Launch System
============================================================

Traceback (most recent call last):
  File "/workspace/SD-DarkMaster-Pro/scripts/launch.py", line 602, in render_launch_interface
    render_streamlit_interface()
    ~~~~~~~~~~~~~~~~~~~~~~~~~~^^
  File "/workspace/SD-DarkMaster-Pro/scripts/launch.py", line 665, in render_streamlit_interface
    st.code(launcher.platform_manager.get_info_summary())
            ~~~~~~~~~~~~~~~~~~~~~~~~~~~~~~~~~~~~~~~~~~^^
  File "/workspace/SD-DarkMaster-Pro/modules/core/platform_manager.py", line 411, in get_info_summary
    f"OS: {self.system_info['os']} {self.system_info['os_version']}",
           ~~~~~~~~~~~~~~~~^^^^^^
KeyError: 'os'

During handling of the above exception, another exception occurred:

Traceback (most recent call last):
  File "/workspace/SD-DarkMaster-Pro/scripts/launch.py", line 790, in <module>
    main()
    ~~~~^^
  File "/workspace/SD-DarkMaster-Pro/scripts/launch.py", line 779, in main
    render_launch_interface()
    ~~~~~~~~~~~~~~~~~~~~~~~^^
  File "/workspace/SD-DarkMaster-Pro/scripts/launch.py", line 604, in render_launch_interface
    render_gradio_interface()
    ~~~~~~~~~~~~~~~~~~~~~~~^^
  File "/workspace/SD-DarkMaster-Pro/scripts/launch.py", line 761, in render_gradio_interface
    value=launcher.platform_manager.get_info_summary(),
          ~~~~~~~~~~~~~~~~~~~~~~~~~~~~~~~~~~~~~~~~~~^^
  File "/workspace/SD-DarkMaster-Pro/modules/core/platform_manager.py", line 411, in get_info_summary
    f"OS: {self.system_info['os']} {self.system_info['os_version']}",
           ~~~~~~~~~~~~~~~~^^^^^^
KeyError: 'os'
2025-08-20 03:05:46,640 | INFO | HTTP Request: GET https://api.gradio.app/pkg-version "HTTP/1.1 200 OK"
  Stopping...
