Input Notebook:  notebook/SD-DarkMaster-Pro.ipynb
Output Notebook: notebook/SD-DarkMaster-Pro-executed.ipynb
Executing:   0%|          | 0/5 [00:00<?, ?cell/s]Executing notebook with kernel: python3
Executing:  20%|â–ˆâ–ˆ        | 1/5 [00:13<00:55, 13.78s/cell]Executing:  40%|â–ˆâ–ˆâ–ˆâ–ˆ      | 2/5 [00:17<00:24,  8.06s/cell]Executing:  60%|â–ˆâ–ˆâ–ˆâ–ˆâ–ˆâ–ˆ    | 3/5 [00:18<00:08,  4.49s/cell]Executing:  80%|â–ˆâ–ˆâ–ˆâ–ˆâ–ˆâ–ˆâ–ˆâ–ˆ  | 4/5 [00:19<00:03,  3.26s/cell]Executing: 100%|â–ˆâ–ˆâ–ˆâ–ˆâ–ˆâ–ˆâ–ˆâ–ˆâ–ˆâ–ˆ| 5/5 [00:20<00:00,  4.00s/cell]
Traceback (most recent call last):
  File "/workspace/ai_tools_env/bin/papermill", line 7, in <module>
    sys.exit(papermill())
             ~~~~~~~~~^^
  File "/workspace/ai_tools_env/lib/python3.13/site-packages/click/core.py", line 1442, in __call__
    return self.main(*args, **kwargs)
           ~~~~~~~~~^^^^^^^^^^^^^^^^^
  File "/workspace/ai_tools_env/lib/python3.13/site-packages/click/core.py", line 1363, in main
    rv = self.invoke(ctx)
  File "/workspace/ai_tools_env/lib/python3.13/site-packages/click/core.py", line 1226, in invoke
    return ctx.invoke(self.callback, **ctx.params)
           ~~~~~~~~~~^^^^^^^^^^^^^^^^^^^^^^^^^^^^^
  File "/workspace/ai_tools_env/lib/python3.13/site-packages/click/core.py", line 794, in invoke
    return callback(*args, **kwargs)
  File "/workspace/ai_tools_env/lib/python3.13/site-packages/click/decorators.py", line 34, in new_func
    return f(get_current_context(), *args, **kwargs)
  File "/workspace/ai_tools_env/lib/python3.13/site-packages/papermill/cli.py", line 235, in papermill
    execute_notebook(
    ~~~~~~~~~~~~~~~~^
        input_path=input_path,
        ^^^^^^^^^^^^^^^^^^^^^^
    ...<15 lines>...
        execution_timeout=execution_timeout,
        ^^^^^^^^^^^^^^^^^^^^^^^^^^^^^^^^^^^^
    )
    ^
  File "/workspace/ai_tools_env/lib/python3.13/site-packages/papermill/execute.py", line 131, in execute_notebook
    raise_for_execution_errors(nb, output_path)
    ~~~~~~~~~~~~~~~~~~~~~~~~~~^^^^^^^^^^^^^^^^^
  File "/workspace/ai_tools_env/lib/python3.13/site-packages/papermill/execute.py", line 251, in raise_for_execution_errors
    raise error
papermill.exceptions.PapermillExecutionError: 
---------------------------------------------------------------------------
Exception encountered at "In [4]":
---------------------------------------------------------------------------
KeyError                                  Traceback (most recent call last)
File /workspace/SD-DarkMaster-Pro/scripts/launch.py:602, in render_launch_interface()
    601     import streamlit as st
--> 602     render_streamlit_interface()
    603 except:

File /workspace/SD-DarkMaster-Pro/scripts/launch.py:665, in render_streamlit_interface()
    664 st.markdown("### Platform Information")
--> 665 st.code(launcher.platform_manager.get_info_summary())
    667 # Launch button

File /workspace/SD-DarkMaster-Pro/modules/core/platform_manager.py:411, in PlatformManager.get_info_summary(self)
    408 """Get formatted platform information summary"""
    409 lines = [
    410     f"Platform: {self.platform}",
--> 411     f"OS: {self.system_info['os']} {self.system_info['os_version']}",
    412     f"Python: {self.system_info['python_version']}",
    413     f"CPU: {self.system_info['cpu_count']} cores",
    414     f"RAM: {self.system_info['memory_gb']:.1f} GB",
    415     f"Disk: {self.system_info['disk_free_gb']:.1f} GB free"
    416 ]
    418 if self.gpu_info['available']:

KeyError: 'os'

During handling of the above exception, another exception occurred:

KeyError                                  Traceback (most recent call last)
File /workspace/SD-DarkMaster-Pro/scripts/launch.py:790
    787 signal.signal(signal.SIGINT, signal_handler)
    788 signal.signal(signal.SIGTERM, signal_handler)
--> 790 main()

File /workspace/SD-DarkMaster-Pro/scripts/launch.py:779, in main()
    776 print("ðŸŽ¨ Multi-Platform Launch System")
    777 print("="*60 + "\n")
--> 779 render_launch_interface()

File /workspace/SD-DarkMaster-Pro/scripts/launch.py:604, in render_launch_interface()
    602     render_streamlit_interface()
    603 except:
--> 604     render_gradio_interface()

File /workspace/SD-DarkMaster-Pro/scripts/launch.py:761, in render_gradio_interface()
    751     output = gr.Textbox(label="Status", lines=3)
    753     launch_btn.click(
    754         launch_webui,
    755         inputs=[webui_type, port, share, tunnel_service, api_enabled, extensions_enabled],
    756         outputs=output
    757     )
    759     platform_info = gr.Textbox(
    760         label="Platform Information",
--> 761         value=launcher.platform_manager.get_info_summary(),
    762         lines=8,
    763         interactive=False
    764     )
    766 interface.launch(server_name="0.0.0.0", server_port=7862, share=False)

File /workspace/SD-DarkMaster-Pro/modules/core/platform_manager.py:411, in PlatformManager.get_info_summary(self)
    407 def get_info_summary(self) -> str:
    408     """Get formatted platform information summary"""
    409     lines = [
    410         f"Platform: {self.platform}",
--> 411         f"OS: {self.system_info['os']} {self.system_info['os_version']}",
    412         f"Python: {self.system_info['python_version']}",
    413         f"CPU: {self.system_info['cpu_count']} cores",
    414         f"RAM: {self.system_info['memory_gb']:.1f} GB",
    415         f"Disk: {self.system_info['disk_free_gb']:.1f} GB free"
    416     ]
    418     if self.gpu_info['available']:
    419         for gpu in self.gpu_info['devices']:

KeyError: 'os'

